<?xml version="1.0" encoding="UTF-8"?>
<!-- Generated by org.testng.reporters.JUnitReportReporter -->
<testsuite hostname="LAPTOP-MK5BCJM0" failures="0" tests="1" name="testCases.TC006_EndToEndTest" time="33.555" errors="0" timestamp="2024-10-21T22:09:26 BST" skipped="0">
  <testcase classname="testCases.TC006_EndToEndTest" name="verify_EndToEndTest" time="33.555"/>
</testsuite> <!-- testCases.TC006_EndToEndTest -->
