<?xml version="1.0" encoding="UTF-8"?>
<!-- Generated by org.testng.reporters.JUnitReportReporter -->
<testsuite hostname="LAPTOP-MK5BCJM0" failures="0" tests="1" name="testCases.TC002_LoginTest" time="2.052" errors="0" timestamp="2024-10-15T22:36:02 BST" skipped="0">
  <testcase classname="testCases.TC002_LoginTest" name="verify_Login" time="2.052"/>
</testsuite> <!-- testCases.TC002_LoginTest -->
