<?xml version="1.0" encoding="UTF-8"?>
<!-- Generated by org.testng.reporters.JUnitReportReporter -->
<testsuite hostname="LAPTOP-MK5BCJM0" failures="0" tests="3" name="testCases.TC002_LoginTest" time="6.218" errors="0" timestamp="2025-01-23T18:07:02 GMT" skipped="0">
  <testcase classname="testCases.TC002_LoginTest" name="verify_Login" time="2.265"/>
  <testcase classname="testCases.TC002_LoginTest" name="verify_Login" time="1.863"/>
  <testcase classname="testCases.TC002_LoginTest" name="verify_Login" time="2.090"/>
</testsuite> <!-- testCases.TC002_LoginTest -->
