<?xml version="1.0" encoding="UTF-8"?>
<!-- Generated by org.testng.reporters.JUnitReportReporter -->
<testsuite hostname="LAPTOP-MK5BCJM0" failures="0" tests="1" name="Practice_Testcases.TC002_LoginTest" time="1.925" errors="0" timestamp="2025-01-24T12:58:43 GMT" skipped="0">
  <testcase classname="Practice_Testcases.TC002_LoginTest" name="verify_LoginTest" time="1.925"/>
</testsuite> <!-- Practice_Testcases.TC002_LoginTest -->
