<?xml version="1.0" encoding="UTF-8"?>
<!-- Generated by org.testng.reporters.JUnitReportReporter -->
<testsuite hostname="LAPTOP-MK5BCJM0" failures="0" tests="1" name="testCases.TC002_LoginTest" time="1.640" errors="0" timestamp="2024-10-17T13:40:50 BST" skipped="0">
  <testcase classname="testCases.TC002_LoginTest" name="verify_Login" time="1.640"/>
</testsuite> <!-- testCases.TC002_LoginTest -->
