<?xml version="1.0" encoding="UTF-8"?>
<!-- Generated by org.testng.reporters.JUnitReportReporter -->
<testsuite hostname="LAPTOP-MK5BCJM0" failures="0" tests="1" name="testCases.TC004_SearchProductTest" time="0.921" errors="0" timestamp="2024-10-21T12:05:56 BST" skipped="0">
  <testcase classname="testCases.TC004_SearchProductTest" name="verify_productSearch" time="0.921"/>
</testsuite> <!-- testCases.TC004_SearchProductTest -->
