<?xml version="1.0" encoding="UTF-8"?>
<!-- Generated by org.testng.reporters.JUnitReportReporter -->
<testsuite hostname="LAPTOP-MK5BCJM0" failures="0" tests="1" name="testCases.TC005_AddToCartTest" time="1.596" errors="0" timestamp="2024-10-21T12:05:56 BST" skipped="0">
  <testcase classname="testCases.TC005_AddToCartTest" name="verify_AddToCart" time="1.596"/>
</testsuite> <!-- testCases.TC005_AddToCartTest -->
