<?xml version="1.0" encoding="UTF-8"?>
<!-- Generated by org.testng.reporters.JUnitReportReporter -->
<testsuite hostname="LAPTOP-MK5BCJM0" failures="0" tests="3" name="testCases.TC001_AccountRegistrationTest" time="8.313" errors="0" timestamp="2025-01-23T18:07:02 GMT" skipped="0">
  <testcase classname="testCases.TC001_AccountRegistrationTest" name="verify_account_Registration" time="2.629"/>
  <testcase classname="testCases.TC001_AccountRegistrationTest" name="verify_account_Registration" time="2.867"/>
  <testcase classname="testCases.TC001_AccountRegistrationTest" name="verify_account_Registration" time="2.817"/>
</testsuite> <!-- testCases.TC001_AccountRegistrationTest -->
