<?xml version="1.0" encoding="UTF-8"?>
<!-- Generated by org.testng.reporters.JUnitReportReporter -->
<testsuite hostname="LAPTOP-MK5BCJM0" failures="0" tests="1" name="testCases.TC006_EndToEndTest" time="28.381" errors="0" timestamp="2024-10-17T12:40:42 BST" skipped="0">
  <testcase classname="testCases.TC006_EndToEndTest" name="verify_EndToEndTest" time="28.381"/>
</testsuite> <!-- testCases.TC006_EndToEndTest -->
