<?xml version="1.0" encoding="UTF-8"?>
<!-- Generated by org.testng.reporters.JUnitReportReporter -->
<testsuite hostname="LAPTOP-MK5BCJM0" failures="0" tests="1" name="testCases.TC002_LoginTest" time="1.785" errors="0" timestamp="2024-10-11T16:23:56 BST" skipped="0">
  <testcase classname="testCases.TC002_LoginTest" name="verify_Login" time="1.785"/>
</testsuite> <!-- testCases.TC002_LoginTest -->
