<?xml version="1.0" encoding="UTF-8"?>
<!-- Generated by org.testng.reporters.JUnitReportReporter -->
<testsuite hostname="LAPTOP-MK5BCJM0" failures="0" tests="1" name="testCases.TC005_AddToCartTest" time="1.641" errors="0" timestamp="2024-10-15T22:38:42 BST" skipped="0">
  <testcase classname="testCases.TC005_AddToCartTest" name="verify_AddToCart" time="1.641"/>
</testsuite> <!-- testCases.TC005_AddToCartTest -->
