<?xml version="1.0" encoding="UTF-8"?>
<!-- Generated by org.testng.reporters.JUnitReportReporter -->
<testsuite hostname="LAPTOP-MK5BCJM0" failures="0" tests="1" name="testCases.TC004_SearchProductTest" time="1.115" errors="0" timestamp="2024-10-17T15:32:12 BST" skipped="0">
  <testcase classname="testCases.TC004_SearchProductTest" name="verify_productSearch" time="1.115"/>
</testsuite> <!-- testCases.TC004_SearchProductTest -->
