<?xml version="1.0" encoding="UTF-8"?>
<!-- Generated by org.testng.reporters.JUnitReportReporter -->
<testsuite hostname="LAPTOP-MK5BCJM0" failures="0" tests="1" name="testCases.TC001_AccountRegistrationTest" time="4.291" errors="0" timestamp="2024-10-17T15:32:12 BST" skipped="0">
  <testcase classname="testCases.TC001_AccountRegistrationTest" name="verify_account_Registration" time="4.291"/>
</testsuite> <!-- testCases.TC001_AccountRegistrationTest -->
