<?xml version="1.0" encoding="UTF-8"?>
<!-- Generated by org.testng.reporters.JUnitReportReporter -->
<testsuite hostname="LAPTOP-MK5BCJM0" failures="0" tests="2" name="testCases.TC002_LoginTest" time="3.936" errors="0" timestamp="2024-10-20T23:51:22 BST" skipped="0">
  <testcase classname="testCases.TC002_LoginTest" name="verify_Login" time="1.523"/>
  <testcase classname="testCases.TC002_LoginTest" name="verify_Login" time="2.413"/>
</testsuite> <!-- testCases.TC002_LoginTest -->
